[0612/195759.046:WARNING:used_ids.h(55)] Duplicate id found. Reassigning from 104 to 127
[0612/195759.046:WARNING:used_ids.h(55)] Duplicate id found. Reassigning from 102 to 125
[0612/195759.046:WARNING:used_ids.h(55)] Duplicate id found. Reassigning from 104 to 124
[0612/195759.046:WARNING:used_ids.h(55)] Duplicate id found. Reassigning from 106 to 123
[0612/195759.046:WARNING:used_ids.h(55)] Duplicate id found. Reassigning from 110 to 122
[0612/195759.046:WARNING:used_ids.h(55)] Duplicate id found. Reassigning from 103 to 121
[0612/195759.046:WARNING:used_ids.h(55)] Duplicate id found. Reassigning from 105 to 120
[0612/195759.046:WARNING:used_ids.h(55)] Duplicate id found. Reassigning from 111 to 119
[0612/195759.046:WARNING:used_ids.h(55)] Duplicate id found. Reassigning from 1 to 14
[0612/195759.046:WARNING:used_ids.h(55)] Duplicate id found. Reassigning from 3 to 13
[0612/195759.046:WARNING:used_ids.h(55)] Duplicate id found. Reassigning from 5 to 12
[0612/195759.046:WARNING:used_ids.h(55)] Duplicate id found. Reassigning from 6 to 11
[0612/195759.048:ERROR:audio_rtp_receiver.cc(88)] AudioRtpReceiver::OnSetVolume: No audio channel exists.
[0612/195806.907:ERROR:audio_rtp_receiver.cc(88)] AudioRtpReceiver::OnSetVolume: No audio channel exists.
[0612/195806.907:WARNING:used_ids.h(55)] Duplicate id found. Reassigning from 104 to 127
[0612/195806.907:WARNING:used_ids.h(55)] Duplicate id found. Reassigning from 102 to 125
[0612/195806.907:WARNING:used_ids.h(55)] Duplicate id found. Reassigning from 104 to 124
[0612/195806.907:WARNING:used_ids.h(55)] Duplicate id found. Reassigning from 106 to 123
[0612/195806.907:WARNING:used_ids.h(55)] Duplicate id found. Reassigning from 110 to 122
[0612/195806.907:WARNING:used_ids.h(55)] Duplicate id found. Reassigning from 103 to 121
[0612/195806.907:WARNING:used_ids.h(55)] Duplicate id found. Reassigning from 105 to 120
[0612/195806.907:WARNING:used_ids.h(55)] Duplicate id found. Reassigning from 111 to 119
[0612/195806.907:WARNING:used_ids.h(55)] Duplicate id found. Reassigning from 1 to 14
[0612/195806.907:WARNING:used_ids.h(55)] Duplicate id found. Reassigning from 3 to 13
[0612/195806.907:WARNING:used_ids.h(55)] Duplicate id found. Reassigning from 5 to 12
[0612/195806.907:WARNING:used_ids.h(55)] Duplicate id found. Reassigning from 6 to 11
[0612/195838.727:ERROR:ssl_client_socket_impl.cc(947)] handshake failed; returned -1, SSL error code 1, net_error -101
[0612/195845.410:ERROR:gpu_init.cc(426)] Passthrough is not supported, GL is disabled
[0612/195857.981:ERROR:ssl_client_socket_impl.cc(947)] handshake failed; returned -1, SSL error code 1, net_error -101
[0612/195914.476:ERROR:ssl_client_socket_impl.cc(947)] handshake failed; returned -1, SSL error code 1, net_error -101
[0612/195933.764:ERROR:ssl_client_socket_impl.cc(947)] handshake failed; returned -1, SSL error code 1, net_error -101
[0612/212400.575:WARNING:spdy_session.cc(3431)] Received HEADERS for invalid stream 511
[0612/212400.748:WARNING:spdy_session.cc(3431)] Received HEADERS for invalid stream 513
[0612/212401.150:WARNING:spdy_session.cc(3431)] Received HEADERS for invalid stream 533
[0612/212401.633:WARNING:spdy_session.cc(3431)] Received HEADERS for invalid stream 537
[0612/212402.228:WARNING:spdy_session.cc(3431)] Received HEADERS for invalid stream 515
[0612/212402.329:WARNING:spdy_session.cc(3431)] Received HEADERS for invalid stream 523
[0612/212402.467:WARNING:spdy_session.cc(3431)] Received HEADERS for invalid stream 519
[0612/212402.714:WARNING:spdy_session.cc(3431)] Received HEADERS for invalid stream 525
[0612/212402.861:WARNING:spdy_session.cc(3431)] Received HEADERS for invalid stream 517
[0612/212402.943:WARNING:spdy_session.cc(3431)] Received HEADERS for invalid stream 529
[0612/212403.105:WARNING:spdy_session.cc(3431)] Received HEADERS for invalid stream 521
[0612/212403.211:WARNING:spdy_session.cc(3431)] Received HEADERS for invalid stream 531
[0612/212403.347:WARNING:spdy_session.cc(3431)] Received HEADERS for invalid stream 527
[0612/212403.484:WARNING:spdy_session.cc(3431)] Received HEADERS for invalid stream 535
[0612/212403.679:WARNING:spdy_session.cc(3431)] Received HEADERS for invalid stream 539
[0612/212403.679:WARNING:spdy_session.cc(3431)] Received HEADERS for invalid stream 541
[0612/212404.351:WARNING:spdy_session.cc(3431)] Received HEADERS for invalid stream 547
[0612/212404.611:WARNING:spdy_session.cc(3431)] Received HEADERS for invalid stream 549
[0612/212405.627:WARNING:spdy_session.cc(3431)] Received HEADERS for invalid stream 543
[0612/212405.773:WARNING:spdy_session.cc(3431)] Received HEADERS for invalid stream 545
[0612/212406.436:WARNING:spdy_session.cc(3431)] Received HEADERS for invalid stream 553
[0612/212406.599:WARNING:spdy_session.cc(3431)] Received HEADERS for invalid stream 555
[0612/212406.599:WARNING:spdy_session.cc(3431)] Received HEADERS for invalid stream 551
